<?xml version="1.0" encoding="UTF-8"?>
<!-- Generated by org.testng.reporters.JUnitReportReporter -->
<testsuite hostname="Samreen" failures="0" tests="1" name="samreen.tests.Errorvalidations" time="3.756" errors="0" timestamp="2025-05-22T01:52:35 IST" skipped="0">
  <testcase classname="samreen.tests.Errorvalidations" name="GetGerror" time="3.756"/>
</testsuite> <!-- samreen.tests.Errorvalidations -->
