<?xml version="1.0" encoding="UTF-8"?>
<!-- Generated by org.testng.reporters.JUnitReportReporter -->
<testsuite hostname="Samreen" failures="0" tests="1" name="samreen.tests.Errorvalidations" time="4.673" errors="0" timestamp="2025-05-22T01:40:19 IST" skipped="0">
  <testcase classname="samreen.tests.Errorvalidations" name="GetGerror" time="4.673"/>
</testsuite> <!-- samreen.tests.Errorvalidations -->
